<?xml version="1.0" encoding="UTF-8"?>
<testsuite xmlns:xsi="http://www.w3.org/2001/XMLSchema-instance" xsi:noNamespaceSchemaLocation="https://maven.apache.org/surefire/maven-surefire-plugin/xsd/surefire-test-report.xsd" name="fishman.fish.springbootdemo01.SpringbootDemo01ApplicationTests" time="1.839" tests="2" errors="0" skipped="0" failures="0">
  <properties>
[...]
</properties>
  <testcase name="test1" classname="fishman.fish.springbootdemo01.SpringbootDemo01ApplicationTests" time="0.143"/>
  <testcase name="test2" classname="fishman.fish.springbootdemo01.SpringbootDemo01ApplicationTests" time="0.002"/>
</testsuite>